<?xml version="1.0" encoding="UTF-8"?>
<testsuite xmlns:xsi="http://www.w3.org/2001/XMLSchema-instance" xsi:noNamespaceSchemaLocation="https://maven.apache.org/surefire/maven-surefire-plugin/xsd/surefire-test-report-3.0.xsd" version="3.0" name="com.xender.practical.exception.handleExceptionTests" time="2.749" tests="7" errors="0" skipped="0" failures="0">
  <properties>
[...]
</properties>
  <testcase name="testMobileExceptiononregister" classname="com.xender.practical.exception.handleExceptionTests" time="0.633">
    <system-out><![CDATA[2022-08-05 12:09:28.468  INFO 22992 --- [           main] .b.t.c.SpringBootTestContextBootstrapper : Neither @ContextConfiguration nor @ContextHierarchy found for test class [com.xender.practical.exception.handleExceptionTests], using SpringBootContextLoader
2022-08-05 12:09:28.470  INFO 22992 --- [           main] o.s.t.c.support.AbstractContextLoader    : Could not detect default resource locations for test class [com.xender.practical.exception.handleExceptionTests]: no resource found for suffixes {-context.xml, Context.groovy}.
2022-08-05 12:09:28.472  INFO 22992 --- [           main] t.c.s.AnnotationConfigContextLoaderUtils : Could not detect default configuration classes for test class [com.xender.practical.exception.handleExceptionTests]: handleExceptionTests does not declare any static, non-private, non-final, nested classes annotated with @Configuration.
2022-08-05 12:09:28.501  INFO 22992 --- [           main] .b.t.c.SpringBootTestContextBootstrapper : Found @SpringBootConfiguration com.xender.practical.AuthApplication for test class com.xender.practical.exception.handleExceptionTests
2022-08-05 12:09:28.518  INFO 22992 --- [           main] .b.t.c.SpringBootTestContextBootstrapper : Loaded default TestExecutionListener class names from location [META-INF/spring.factories]: [org.springframework.boot.test.mock.mockito.MockitoTestExecutionListener, org.springframework.boot.test.mock.mockito.ResetMocksTestExecutionListener, org.springframework.boot.test.autoconfigure.restdocs.RestDocsTestExecutionListener, org.springframework.boot.test.autoconfigure.web.client.MockRestServiceServerResetTestExecutionListener, org.springframework.boot.test.autoconfigure.web.servlet.MockMvcPrintOnlyOnFailureTestExecutionListener, org.springframework.boot.test.autoconfigure.web.servlet.WebDriverTestExecutionListener, org.springframework.boot.test.autoconfigure.webservices.client.MockWebServiceServerTestExecutionListener, org.springframework.test.context.web.ServletTestExecutionListener, org.springframework.test.context.support.DirtiesContextBeforeModesTestExecutionListener, org.springframework.test.context.event.ApplicationEventsTestExecutionListener, org.springframework.test.context.support.DependencyInjectionTestExecutionListener, org.springframework.test.context.support.DirtiesContextTestExecutionListener, org.springframework.test.context.transaction.TransactionalTestExecutionListener, org.springframework.test.context.jdbc.SqlScriptsTestExecutionListener, org.springframework.test.context.event.EventPublishingTestExecutionListener]
2022-08-05 12:09:28.524  INFO 22992 --- [           main] .b.t.c.SpringBootTestContextBootstrapper : Using TestExecutionListeners: [org.springframework.test.context.web.ServletTestExecutionListener@1ac2829e, org.springframework.test.context.support.DirtiesContextBeforeModesTestExecutionListener@7a7f2247, org.springframework.test.context.event.ApplicationEventsTestExecutionListener@4946dfde, org.springframework.boot.test.mock.mockito.MockitoTestExecutionListener@77972964, org.springframework.boot.test.autoconfigure.SpringBootDependencyInjectionTestExecutionListener@794f937a, org.springframework.test.context.support.DirtiesContextTestExecutionListener@7aa1fb0e, org.springframework.test.context.transaction.TransactionalTestExecutionListener@5e663ab, org.springframework.test.context.jdbc.SqlScriptsTestExecutionListener@4b74a67a, org.springframework.test.context.event.EventPublishingTestExecutionListener@4e25282d, org.springframework.boot.test.mock.mockito.ResetMocksTestExecutionListener@3b29d36c, org.springframework.boot.test.autoconfigure.restdocs.RestDocsTestExecutionListener@d641499, org.springframework.boot.test.autoconfigure.web.client.MockRestServiceServerResetTestExecutionListener@634d3439, org.springframework.boot.test.autoconfigure.web.servlet.MockMvcPrintOnlyOnFailureTestExecutionListener@44e0c3d, org.springframework.boot.test.autoconfigure.web.servlet.WebDriverTestExecutionListener@71891d6b, org.springframework.boot.test.autoconfigure.webservices.client.MockWebServiceServerTestExecutionListener@5ce41f1f]

  .   ____          _            __ _ _
 /\\ / ___'_ __ _ _(_)_ __  __ _ \ \ \ \
( ( )\___ | '_ | '_| | '_ \/ _` | \ \ \ \
 \\/  ___)| |_)| | | | | || (_| |  ) ) ) )
  '  |____| .__|_| |_|_| |_\__, | / / / /
 =========|_|==============|___/=/_/_/_/
 :: Spring Boot ::                (v2.7.1)

2022-08-05 12:09:28.591  INFO 22992 --- [           main] c.x.p.exception.handleExceptionTests     : Starting handleExceptionTests using Java 15 on LIN76005291 with PID 22992 (started by kosridha in C:\Users\kosridha\Java\authappnackend)
2022-08-05 12:09:28.592  INFO 22992 --- [           main] c.x.p.exception.handleExceptionTests     : No active profile set, falling back to 1 default profile: "default"
2022-08-05 12:09:28.975  INFO 22992 --- [           main] .s.d.r.c.RepositoryConfigurationDelegate : Bootstrapping Spring Data JPA repositories in DEFAULT mode.
2022-08-05 12:09:28.996  INFO 22992 --- [           main] .s.d.r.c.RepositoryConfigurationDelegate : Finished Spring Data repository scanning in 20 ms. Found 1 JPA repository interfaces.
2022-08-05 12:09:29.218  INFO 22992 --- [           main] o.hibernate.jpa.internal.util.LogHelper  : HHH000204: Processing PersistenceUnitInfo [name: default]
2022-08-05 12:09:29.231  INFO 22992 --- [           main] com.zaxxer.hikari.HikariDataSource       : HikariPool-2 - Starting...
2022-08-05 12:09:29.558  INFO 22992 --- [           main] com.zaxxer.hikari.HikariDataSource       : HikariPool-2 - Start completed.
2022-08-05 12:09:29.559  INFO 22992 --- [           main] org.hibernate.dialect.Dialect            : HHH000400: Using dialect: org.hibernate.dialect.PostgreSQLDialect
2022-08-05 12:09:29.638  INFO 22992 --- [           main] o.h.e.t.j.p.i.JtaPlatformInitiator       : HHH000490: Using JtaPlatform implementation: [org.hibernate.engine.transaction.jta.platform.internal.NoJtaPlatform]
2022-08-05 12:09:29.639  INFO 22992 --- [           main] j.LocalContainerEntityManagerFactoryBean : Initialized JPA EntityManagerFactory for persistence unit 'default'
2022-08-05 12:09:29.940  WARN 22992 --- [           main] JpaBaseConfiguration$JpaWebConfiguration : spring.jpa.open-in-view is enabled by default. Therefore, database queries may be performed during view rendering. Explicitly configure spring.jpa.open-in-view to disable this warning
2022-08-05 12:09:30.419  INFO 22992 --- [           main] c.x.p.exception.handleExceptionTests     : Started handleExceptionTests in 1.891 seconds (JVM running for 10.962)
2022-08-05 12:09:30.455  INFO 22992 --- [           main] c.x.p.services.UserServicesImplm         : register service
Hibernate: select userdata0_.userid as userid1_0_, userdata0_.email as email2_0_, userdata0_.mobile_number as mobile_n3_0_, userdata0_.name as name4_0_, userdata0_.password as password5_0_, userdata0_.username as username6_0_ from user_data userdata0_
Hibernate: select userdata0_.userid as userid1_0_, userdata0_.email as email2_0_, userdata0_.mobile_number as mobile_n3_0_, userdata0_.name as name4_0_, userdata0_.password as password5_0_, userdata0_.username as username6_0_ from user_data userdata0_ where userdata0_.mobile_number=?
Hibernate: select userdata0_.userid as userid1_0_, userdata0_.email as email2_0_, userdata0_.mobile_number as mobile_n3_0_, userdata0_.name as name4_0_, userdata0_.password as password5_0_, userdata0_.username as username6_0_ from user_data userdata0_ where userdata0_.email is null
Hibernate: select userdata0_.userid as userid1_0_, userdata0_.email as email2_0_, userdata0_.mobile_number as mobile_n3_0_, userdata0_.name as name4_0_, userdata0_.password as password5_0_, userdata0_.username as username6_0_ from user_data userdata0_ where userdata0_.username is null
2022-08-05 12:09:31.034  INFO 22992 --- [           main] c.x.p.services.UserServicesImplm         : user validated
2022-08-05 12:09:31.047  INFO 22992 --- [           main] c.x.p.services.UserServicesImplm         : validated email
2022-08-05 12:09:31.048  INFO 22992 --- [           main] c.x.p.services.UserServicesImplm         : validated username
2022-08-05 12:09:31.048  INFO 22992 --- [           main] c.x.p.services.UserServicesImplm         : Mobile number already exists
]]></system-out>
  </testcase>
  <testcase name="testDataAlreadyExceptiononregister" classname="com.xender.practical.exception.handleExceptionTests" time="0.043">
    <system-out><![CDATA[2022-08-05 12:09:31.079  INFO 22992 --- [           main] c.x.p.services.UserServicesImplm         : register service
Hibernate: select userdata0_.userid as userid1_0_, userdata0_.email as email2_0_, userdata0_.mobile_number as mobile_n3_0_, userdata0_.name as name4_0_, userdata0_.password as password5_0_, userdata0_.username as username6_0_ from user_data userdata0_
Hibernate: select userdata0_.userid as userid1_0_, userdata0_.email as email2_0_, userdata0_.mobile_number as mobile_n3_0_, userdata0_.name as name4_0_, userdata0_.password as password5_0_, userdata0_.username as username6_0_ from user_data userdata0_ where userdata0_.mobile_number=?
Hibernate: select userdata0_.userid as userid1_0_, userdata0_.email as email2_0_, userdata0_.mobile_number as mobile_n3_0_, userdata0_.name as name4_0_, userdata0_.password as password5_0_, userdata0_.username as username6_0_ from user_data userdata0_ where userdata0_.email=?
Hibernate: select userdata0_.userid as userid1_0_, userdata0_.email as email2_0_, userdata0_.mobile_number as mobile_n3_0_, userdata0_.name as name4_0_, userdata0_.password as password5_0_, userdata0_.username as username6_0_ from user_data userdata0_ where userdata0_.username=?
2022-08-05 12:09:31.106  INFO 22992 --- [           main] c.x.p.services.UserServicesImplm         : User already registred
]]></system-out>
  </testcase>
  <testcase name="testPasswordNotMatchException" classname="com.xender.practical.exception.handleExceptionTests" time="0.012">
    <system-out><![CDATA[2022-08-05 12:09:31.118  INFO 22992 --- [           main] c.x.p.services.UserServicesImplm         : Login service
Hibernate: select userdata0_.userid as userid1_0_, userdata0_.email as email2_0_, userdata0_.mobile_number as mobile_n3_0_, userdata0_.name as name4_0_, userdata0_.password as password5_0_, userdata0_.username as username6_0_ from user_data userdata0_ where userdata0_.username=?
2022-08-05 12:09:31.123  INFO 22992 --- [           main] c.x.p.services.UserServicesImplm         : Entered Wrong password
]]></system-out>
  </testcase>
  <testcase name="testUsernameExceptiononregister" classname="com.xender.practical.exception.handleExceptionTests" time="0.029">
    <system-out><![CDATA[2022-08-05 12:09:31.131  INFO 22992 --- [           main] c.x.p.services.UserServicesImplm         : register service
Hibernate: select userdata0_.userid as userid1_0_, userdata0_.email as email2_0_, userdata0_.mobile_number as mobile_n3_0_, userdata0_.name as name4_0_, userdata0_.password as password5_0_, userdata0_.username as username6_0_ from user_data userdata0_
Hibernate: select userdata0_.userid as userid1_0_, userdata0_.email as email2_0_, userdata0_.mobile_number as mobile_n3_0_, userdata0_.name as name4_0_, userdata0_.password as password5_0_, userdata0_.username as username6_0_ from user_data userdata0_ where userdata0_.mobile_number is null
Hibernate: select userdata0_.userid as userid1_0_, userdata0_.email as email2_0_, userdata0_.mobile_number as mobile_n3_0_, userdata0_.name as name4_0_, userdata0_.password as password5_0_, userdata0_.username as username6_0_ from user_data userdata0_ where userdata0_.email is null
Hibernate: select userdata0_.userid as userid1_0_, userdata0_.email as email2_0_, userdata0_.mobile_number as mobile_n3_0_, userdata0_.name as name4_0_, userdata0_.password as password5_0_, userdata0_.username as username6_0_ from user_data userdata0_ where userdata0_.username=?
2022-08-05 12:09:31.152  INFO 22992 --- [           main] c.x.p.services.UserServicesImplm         : user validated
2022-08-05 12:09:31.153  INFO 22992 --- [           main] c.x.p.services.UserServicesImplm         : validated email
2022-08-05 12:09:31.153  INFO 22992 --- [           main] c.x.p.services.UserServicesImplm         : Username already exists
]]></system-out>
  </testcase>
  <testcase name="testUserNameNotFoundException" classname="com.xender.practical.exception.handleExceptionTests" time="0.011">
    <system-out><![CDATA[2022-08-05 12:09:31.163  INFO 22992 --- [           main] c.x.p.services.UserServicesImplm         : Login service
Hibernate: select userdata0_.userid as userid1_0_, userdata0_.email as email2_0_, userdata0_.mobile_number as mobile_n3_0_, userdata0_.name as name4_0_, userdata0_.password as password5_0_, userdata0_.username as username6_0_ from user_data userdata0_ where userdata0_.username=?
2022-08-05 12:09:31.166  INFO 22992 --- [           main] c.x.p.services.UserServicesImplm         : Invalid user crediantials
]]></system-out>
  </testcase>
  <testcase name="testemailExceptiononregister" classname="com.xender.practical.exception.handleExceptionTests" time="0.024">
    <system-out><![CDATA[2022-08-05 12:09:31.176  INFO 22992 --- [           main] c.x.p.services.UserServicesImplm         : register service
Hibernate: select userdata0_.userid as userid1_0_, userdata0_.email as email2_0_, userdata0_.mobile_number as mobile_n3_0_, userdata0_.name as name4_0_, userdata0_.password as password5_0_, userdata0_.username as username6_0_ from user_data userdata0_
Hibernate: select userdata0_.userid as userid1_0_, userdata0_.email as email2_0_, userdata0_.mobile_number as mobile_n3_0_, userdata0_.name as name4_0_, userdata0_.password as password5_0_, userdata0_.username as username6_0_ from user_data userdata0_ where userdata0_.mobile_number is null
Hibernate: select userdata0_.userid as userid1_0_, userdata0_.email as email2_0_, userdata0_.mobile_number as mobile_n3_0_, userdata0_.name as name4_0_, userdata0_.password as password5_0_, userdata0_.username as username6_0_ from user_data userdata0_ where userdata0_.email=?
Hibernate: select userdata0_.userid as userid1_0_, userdata0_.email as email2_0_, userdata0_.mobile_number as mobile_n3_0_, userdata0_.name as name4_0_, userdata0_.password as password5_0_, userdata0_.username as username6_0_ from user_data userdata0_ where userdata0_.username is null
2022-08-05 12:09:31.191  INFO 22992 --- [           main] c.x.p.services.UserServicesImplm         : user validated
2022-08-05 12:09:31.192  INFO 22992 --- [           main] c.x.p.services.UserServicesImplm         : Email already exists
]]></system-out>
  </testcase>
  <testcase name="testInvalidTransactionException" classname="com.xender.practical.exception.handleExceptionTests" time="0.012">
    <system-out><![CDATA[2022-08-05 12:09:31.204  INFO 22992 --- [           main] c.x.p.services.UserServicesImplm         : Rest password Service
Hibernate: select userdata0_.userid as userid1_0_, userdata0_.email as email2_0_, userdata0_.mobile_number as mobile_n3_0_, userdata0_.name as name4_0_, userdata0_.password as password5_0_, userdata0_.username as username6_0_ from user_data userdata0_ where userdata0_.email=?
2022-08-05 12:09:31.207  INFO 22992 --- [           main] c.x.p.services.UserServicesImplm         : Entered Invalid Details
]]></system-out>
  </testcase>
</testsuite>