<?xml version="1.0" encoding="UTF-8"?>
<testsuite xmlns:xsi="http://www.w3.org/2001/XMLSchema-instance" xsi:noNamespaceSchemaLocation="https://maven.apache.org/surefire/maven-surefire-plugin/xsd/surefire-test-report-3.0.xsd" version="3.0" name="com.xender.practical.services.UserServicesTest" time="0.326" tests="8" errors="0" skipped="0" failures="0">
  <properties>
[...]
</properties>
  <testcase name="testallusers" classname="com.xender.practical.services.UserServicesTest" time="0.022">
    <system-out><![CDATA[2022-08-05 12:09:31.220  INFO 22992 --- [           main] .b.t.c.SpringBootTestContextBootstrapper : Neither @ContextConfiguration nor @ContextHierarchy found for test class [com.xender.practical.services.UserServicesTest], using SpringBootContextLoader
2022-08-05 12:09:31.221  INFO 22992 --- [           main] o.s.t.c.support.AbstractContextLoader    : Could not detect default resource locations for test class [com.xender.practical.services.UserServicesTest]: no resource found for suffixes {-context.xml, Context.groovy}.
2022-08-05 12:09:31.222  INFO 22992 --- [           main] t.c.s.AnnotationConfigContextLoaderUtils : Could not detect default configuration classes for test class [com.xender.practical.services.UserServicesTest]: UserServicesTest does not declare any static, non-private, non-final, nested classes annotated with @Configuration.
2022-08-05 12:09:31.239  INFO 22992 --- [           main] .b.t.c.SpringBootTestContextBootstrapper : Found @SpringBootConfiguration com.xender.practical.AuthApplication for test class com.xender.practical.services.UserServicesTest
2022-08-05 12:09:31.242  INFO 22992 --- [           main] .b.t.c.SpringBootTestContextBootstrapper : Loaded default TestExecutionListener class names from location [META-INF/spring.factories]: [org.springframework.boot.test.mock.mockito.MockitoTestExecutionListener, org.springframework.boot.test.mock.mockito.ResetMocksTestExecutionListener, org.springframework.boot.test.autoconfigure.restdocs.RestDocsTestExecutionListener, org.springframework.boot.test.autoconfigure.web.client.MockRestServiceServerResetTestExecutionListener, org.springframework.boot.test.autoconfigure.web.servlet.MockMvcPrintOnlyOnFailureTestExecutionListener, org.springframework.boot.test.autoconfigure.web.servlet.WebDriverTestExecutionListener, org.springframework.boot.test.autoconfigure.webservices.client.MockWebServiceServerTestExecutionListener, org.springframework.test.context.web.ServletTestExecutionListener, org.springframework.test.context.support.DirtiesContextBeforeModesTestExecutionListener, org.springframework.test.context.event.ApplicationEventsTestExecutionListener, org.springframework.test.context.support.DependencyInjectionTestExecutionListener, org.springframework.test.context.support.DirtiesContextTestExecutionListener, org.springframework.test.context.transaction.TransactionalTestExecutionListener, org.springframework.test.context.jdbc.SqlScriptsTestExecutionListener, org.springframework.test.context.event.EventPublishingTestExecutionListener]
2022-08-05 12:09:31.243  INFO 22992 --- [           main] .b.t.c.SpringBootTestContextBootstrapper : Using TestExecutionListeners: [org.springframework.test.context.web.ServletTestExecutionListener@3a6409ec, org.springframework.test.context.support.DirtiesContextBeforeModesTestExecutionListener@4779df3d, org.springframework.test.context.event.ApplicationEventsTestExecutionListener@32b8992e, org.springframework.boot.test.mock.mockito.MockitoTestExecutionListener@3ef7fb04, org.springframework.boot.test.autoconfigure.SpringBootDependencyInjectionTestExecutionListener@2446be5f, org.springframework.test.context.support.DirtiesContextTestExecutionListener@2d4f1ddd, org.springframework.test.context.transaction.TransactionalTestExecutionListener@5b4880b3, org.springframework.test.context.jdbc.SqlScriptsTestExecutionListener@5ae67f05, org.springframework.test.context.event.EventPublishingTestExecutionListener@4bc39640, org.springframework.boot.test.mock.mockito.ResetMocksTestExecutionListener@1e37cb10, org.springframework.boot.test.autoconfigure.restdocs.RestDocsTestExecutionListener@1659d7d, org.springframework.boot.test.autoconfigure.web.client.MockRestServiceServerResetTestExecutionListener@6892d403, org.springframework.boot.test.autoconfigure.web.servlet.MockMvcPrintOnlyOnFailureTestExecutionListener@3fb42ec7, org.springframework.boot.test.autoconfigure.web.servlet.WebDriverTestExecutionListener@1f7b1d6a, org.springframework.boot.test.autoconfigure.webservices.client.MockWebServiceServerTestExecutionListener@32d8e58d]
2022-08-05 12:09:31.254  INFO 22992 --- [           main] c.x.p.services.UserServicesImplm         : get allUser service
Hibernate: select userdata0_.userid as userid1_0_, userdata0_.email as email2_0_, userdata0_.mobile_number as mobile_n3_0_, userdata0_.name as name4_0_, userdata0_.password as password5_0_, userdata0_.username as username6_0_ from user_data userdata0_
2022-08-05 12:09:31.265  INFO 22992 --- [           main] c.x.p.services.UserServicesImplm         : Users data found
]]></system-out>
  </testcase>
  <testcase name="TestUsernameExceptiononregister" classname="com.xender.practical.services.UserServicesTest" time="0.046">
    <system-out><![CDATA[2022-08-05 12:09:31.292  INFO 22992 --- [           main] c.x.p.services.UserServicesImplm         : register service
Hibernate: select userdata0_.userid as userid1_0_, userdata0_.email as email2_0_, userdata0_.mobile_number as mobile_n3_0_, userdata0_.name as name4_0_, userdata0_.password as password5_0_, userdata0_.username as username6_0_ from user_data userdata0_
Hibernate: select userdata0_.userid as userid1_0_, userdata0_.email as email2_0_, userdata0_.mobile_number as mobile_n3_0_, userdata0_.name as name4_0_, userdata0_.password as password5_0_, userdata0_.username as username6_0_ from user_data userdata0_ where userdata0_.mobile_number is null
Hibernate: select userdata0_.userid as userid1_0_, userdata0_.email as email2_0_, userdata0_.mobile_number as mobile_n3_0_, userdata0_.name as name4_0_, userdata0_.password as password5_0_, userdata0_.username as username6_0_ from user_data userdata0_ where userdata0_.email is null
Hibernate: select userdata0_.userid as userid1_0_, userdata0_.email as email2_0_, userdata0_.mobile_number as mobile_n3_0_, userdata0_.name as name4_0_, userdata0_.password as password5_0_, userdata0_.username as username6_0_ from user_data userdata0_ where userdata0_.username=?
2022-08-05 12:09:31.315  INFO 22992 --- [           main] c.x.p.services.UserServicesImplm         : user validated
2022-08-05 12:09:31.315  INFO 22992 --- [           main] c.x.p.services.UserServicesImplm         : validated email
2022-08-05 12:09:31.316  INFO 22992 --- [           main] c.x.p.services.UserServicesImplm         : Username already exists
]]></system-out>
  </testcase>
  <testcase name="testLoginUser" classname="com.xender.practical.services.UserServicesTest" time="0.029">
    <system-out><![CDATA[2022-08-05 12:09:31.327  INFO 22992 --- [           main] c.x.p.services.UserServicesImplm         : Login service
Hibernate: select userdata0_.userid as userid1_0_, userdata0_.email as email2_0_, userdata0_.mobile_number as mobile_n3_0_, userdata0_.name as name4_0_, userdata0_.password as password5_0_, userdata0_.username as username6_0_ from user_data userdata0_ where userdata0_.username=?
2022-08-05 12:09:31.345  INFO 22992 --- [           main] c.x.p.services.UserServicesImplm         : Password validated
2022-08-05 12:09:31.346  INFO 22992 --- [           main] c.x.p.services.UserServicesImplm         : Login succesfull
Varshini3
]]></system-out>
  </testcase>
  <testcase name="TestDataAlreadyExceptiononregister" classname="com.xender.practical.services.UserServicesTest" time="0.024">
    <system-out><![CDATA[2022-08-05 12:09:31.359  INFO 22992 --- [           main] c.x.p.services.UserServicesImplm         : register service
Hibernate: select userdata0_.userid as userid1_0_, userdata0_.email as email2_0_, userdata0_.mobile_number as mobile_n3_0_, userdata0_.name as name4_0_, userdata0_.password as password5_0_, userdata0_.username as username6_0_ from user_data userdata0_
Hibernate: select userdata0_.userid as userid1_0_, userdata0_.email as email2_0_, userdata0_.mobile_number as mobile_n3_0_, userdata0_.name as name4_0_, userdata0_.password as password5_0_, userdata0_.username as username6_0_ from user_data userdata0_ where userdata0_.mobile_number=?
Hibernate: select userdata0_.userid as userid1_0_, userdata0_.email as email2_0_, userdata0_.mobile_number as mobile_n3_0_, userdata0_.name as name4_0_, userdata0_.password as password5_0_, userdata0_.username as username6_0_ from user_data userdata0_ where userdata0_.email=?
Hibernate: select userdata0_.userid as userid1_0_, userdata0_.email as email2_0_, userdata0_.mobile_number as mobile_n3_0_, userdata0_.name as name4_0_, userdata0_.password as password5_0_, userdata0_.username as username6_0_ from user_data userdata0_ where userdata0_.username=?
2022-08-05 12:09:31.374  INFO 22992 --- [           main] c.x.p.services.UserServicesImplm         : User already registred
]]></system-out>
  </testcase>
  <testcase name="TestemailExceptiononregister" classname="com.xender.practical.services.UserServicesTest" time="0.027">
    <system-out><![CDATA[2022-08-05 12:09:31.387  INFO 22992 --- [           main] c.x.p.services.UserServicesImplm         : register service
Hibernate: select userdata0_.userid as userid1_0_, userdata0_.email as email2_0_, userdata0_.mobile_number as mobile_n3_0_, userdata0_.name as name4_0_, userdata0_.password as password5_0_, userdata0_.username as username6_0_ from user_data userdata0_
Hibernate: select userdata0_.userid as userid1_0_, userdata0_.email as email2_0_, userdata0_.mobile_number as mobile_n3_0_, userdata0_.name as name4_0_, userdata0_.password as password5_0_, userdata0_.username as username6_0_ from user_data userdata0_ where userdata0_.mobile_number is null
Hibernate: select userdata0_.userid as userid1_0_, userdata0_.email as email2_0_, userdata0_.mobile_number as mobile_n3_0_, userdata0_.name as name4_0_, userdata0_.password as password5_0_, userdata0_.username as username6_0_ from user_data userdata0_ where userdata0_.email=?
Hibernate: select userdata0_.userid as userid1_0_, userdata0_.email as email2_0_, userdata0_.mobile_number as mobile_n3_0_, userdata0_.name as name4_0_, userdata0_.password as password5_0_, userdata0_.username as username6_0_ from user_data userdata0_ where userdata0_.username is null
2022-08-05 12:09:31.403  INFO 22992 --- [           main] c.x.p.services.UserServicesImplm         : user validated
2022-08-05 12:09:31.403  INFO 22992 --- [           main] c.x.p.services.UserServicesImplm         : Email already exists
]]></system-out>
  </testcase>
  <testcase name="testLogout" classname="com.xender.practical.services.UserServicesTest" time="0.008">
    <system-out><![CDATA[2022-08-05 12:09:31.414  INFO 22992 --- [           main] c.x.p.services.UserServicesImplm         : Logout service
2022-08-05 12:09:31.414  INFO 22992 --- [           main] c.x.p.services.UserServicesImplm         : Logout successful
User Logged out successfully
]]></system-out>
  </testcase>
  <testcase name="testResetPassword" classname="com.xender.practical.services.UserServicesTest" time="0.088">
    <system-out><![CDATA[2022-08-05 12:09:31.424  INFO 22992 --- [           main] c.x.p.services.UserServicesImplm         : Rest password Service
Hibernate: select userdata0_.userid as userid1_0_, userdata0_.email as email2_0_, userdata0_.mobile_number as mobile_n3_0_, userdata0_.name as name4_0_, userdata0_.password as password5_0_, userdata0_.username as username6_0_ from user_data userdata0_ where userdata0_.email=?
2022-08-05 12:09:31.428  INFO 22992 --- [           main] c.x.p.services.UserServicesImplm         : User data found
Hibernate: select userdata0_.userid as userid1_0_0_, userdata0_.email as email2_0_0_, userdata0_.mobile_number as mobile_n3_0_0_, userdata0_.name as name4_0_0_, userdata0_.password as password5_0_0_, userdata0_.username as username6_0_0_ from user_data userdata0_ where userdata0_.userid=?
Varshini@132
]]></system-out>
  </testcase>
  <testcase name="TestMobileExceptiononregister" classname="com.xender.practical.services.UserServicesTest" time="0.029">
    <system-out><![CDATA[2022-08-05 12:09:31.517  INFO 22992 --- [           main] c.x.p.services.UserServicesImplm         : register service
Hibernate: select userdata0_.userid as userid1_0_, userdata0_.email as email2_0_, userdata0_.mobile_number as mobile_n3_0_, userdata0_.name as name4_0_, userdata0_.password as password5_0_, userdata0_.username as username6_0_ from user_data userdata0_
Hibernate: select userdata0_.userid as userid1_0_, userdata0_.email as email2_0_, userdata0_.mobile_number as mobile_n3_0_, userdata0_.name as name4_0_, userdata0_.password as password5_0_, userdata0_.username as username6_0_ from user_data userdata0_ where userdata0_.mobile_number=?
Hibernate: select userdata0_.userid as userid1_0_, userdata0_.email as email2_0_, userdata0_.mobile_number as mobile_n3_0_, userdata0_.name as name4_0_, userdata0_.password as password5_0_, userdata0_.username as username6_0_ from user_data userdata0_ where userdata0_.email is null
Hibernate: select userdata0_.userid as userid1_0_, userdata0_.email as email2_0_, userdata0_.mobile_number as mobile_n3_0_, userdata0_.name as name4_0_, userdata0_.password as password5_0_, userdata0_.username as username6_0_ from user_data userdata0_ where userdata0_.username is null
2022-08-05 12:09:31.537  INFO 22992 --- [           main] c.x.p.services.UserServicesImplm         : user validated
2022-08-05 12:09:31.538  INFO 22992 --- [           main] c.x.p.services.UserServicesImplm         : validated email
2022-08-05 12:09:31.538  INFO 22992 --- [           main] c.x.p.services.UserServicesImplm         : validated username
2022-08-05 12:09:31.538  INFO 22992 --- [           main] c.x.p.services.UserServicesImplm         : Mobile number already exists
]]></system-out>
  </testcase>
</testsuite>